# JRE version: Java(TM) SE Runtime Environment (8.0_144-b01) (build 1.8.0_144-b01)
# Java VM: Java HotSpot(TM) 64-Bit Server VM (25.144-b01 mixed mode windows-amd64 compressed oops)
Heap:
 PSYoungGen      total 77824K, used 9151K [0x00000000d5580000, 0x00000000db080000, 0x0000000100000000)
  eden space 67584K, 3% used [0x00000000d5580000,0x00000000d581b800,0x00000000d9780000)
  from space 10240K, 63% used [0x00000000da380000,0x00000000da9d4630,0x00000000dad80000)
  to   space 12288K, 0% used [0x00000000d9780000,0x00000000d9780000,0x00000000da380000)
 ParOldGen       total 56320K, used 26860K [0x0000000080000000, 0x0000000083700000, 0x00000000d5580000)
  object space 56320K, 47% used [0x0000000080000000,0x0000000081a3b1a0,0x0000000083700000)
 Metaspace       used 48119K, capacity 49124K, committed 49280K, reserved 1091584K
  class space    used 6455K, capacity 6701K, committed 6784K, reserved 1048576K
GC Heap History (10 events):
Event: 43.919 GC heap before
{Heap before GC invocations=16 (full 2):
 PSYoungGen      total 49664K, used 41984K [0x00000000d5580000, 0x00000000d9a80000, 0x0000000100000000)
  eden space 41984K, 100% used [0x00000000d5580000,0x00000000d7e80000,0x00000000d7e80000)
  from space 7680K, 0% used [0x00000000d7e80000,0x00000000d7e80000,0x00000000d8600000)
  to   space 8704K, 0% used [0x00000000d9200000,0x00000000d9200000,0x00000000d9a80000)
 ParOldGen       total 56320K, used 15921K [0x0000000080000000, 0x0000000083700000, 0x00000000d5580000)
  object space 56320K, 28% used [0x0000000080000000,0x0000000080f8c7a8,0x0000000083700000)
 Metaspace       used 36348K, capacity 36858K, committed 37376K, reserved 1081344K
  class space    used 4867K, capacity 5000K, committed 5120K, reserved 1048576K
Event: 43.925 GC heap after
Heap after GC invocations=16 (full 2):
 PSYoungGen      total 61952K, used 2829K [0x00000000d5580000, 0x00000000d9b00000, 0x0000000100000000)
  eden space 53248K, 0% used [0x00000000d5580000,0x00000000d5580000,0x00000000d8980000)
  from space 8704K, 32% used [0x00000000d9200000,0x00000000d94c3620,0x00000000d9a80000)
  to   space 8704K, 0% used [0x00000000d8980000,0x00000000d8980000,0x00000000d9200000)
 ParOldGen       total 56320K, used 15929K [0x0000000080000000, 0x0000000083700000, 0x00000000d5580000)
  object space 56320K, 28% used [0x0000000080000000,0x0000000080f8e7a8,0x0000000083700000)
 Metaspace       used 36348K, capacity 36858K, committed 37376K, reserved 1081344K
  class space    used 4867K, capacity 5000K, committed 5120K, reserved 1048576K
}
Event: 45.449 GC heap before
{Heap before GC invocations=17 (full 2):
 PSYoungGen      total 61952K, used 56077K [0x00000000d5580000, 0x00000000d9b00000, 0x0000000100000000)
  eden space 53248K, 100% used [0x00000000d5580000,0x00000000d8980000,0x00000000d8980000)
  from space 8704K, 32% used [0x00000000d9200000,0x00000000d94c3620,0x00000000d9a80000)
  to   space 8704K, 0% used [0x00000000d8980000,0x00000000d8980000,0x00000000d9200000)
 ParOldGen       total 56320K, used 15929K [0x0000000080000000, 0x0000000083700000, 0x00000000d5580000)
  object space 56320K, 28% used [0x0000000080000000,0x0000000080f8e7a8,0x0000000083700000)
 Metaspace       used 38575K, capacity 39234K, committed 39552K, reserved 1083392K
  class space    used 5162K, capacity 5384K, committed 5504K, reserved 1048576K
Event: 45.472 GC heap after
Heap after GC invocations=17 (full 2):
 PSYoungGen      total 61952K, used 8703K [0x00000000d5580000, 0x00000000dad80000, 0x0000000100000000)
  eden space 53248K, 0% used [0x00000000d5580000,0x00000000d5580000,0x00000000d8980000)
  from space 8704K, 99% used [0x00000000d8980000,0x00000000d91fffd8,0x00000000d9200000)
  to   space 10240K, 0% used [0x00000000da380000,0x00000000da380000,0x00000000dad80000)
 ParOldGen       total 56320K, used 16383K [0x0000000080000000, 0x0000000083700000, 0x00000000d5580000)
  object space 56320K, 29% used [0x0000000080000000,0x0000000080fffd58,0x0000000083700000)
 Metaspace       used 38575K, capacity 39234K, committed 39552K, reserved 1083392K
  class space    used 5162K, capacity 5384K, committed 5504K, reserved 1048576K
}
Event: 50.040 GC heap before
{Heap before GC invocations=18 (full 2):
 PSYoungGen      total 61952K, used 61951K [0x00000000d5580000, 0x00000000dad80000, 0x0000000100000000)
  eden space 53248K, 100% used [0x00000000d5580000,0x00000000d8980000,0x00000000d8980000)
  from space 8704K, 99% used [0x00000000d8980000,0x00000000d91fffd8,0x00000000d9200000)
  to   space 10240K, 0% used [0x00000000da380000,0x00000000da380000,0x00000000dad80000)
 ParOldGen       total 56320K, used 16383K [0x0000000080000000, 0x0000000083700000, 0x00000000d5580000)
  object space 56320K, 29% used [0x0000000080000000,0x0000000080fffd58,0x0000000083700000)
 Metaspace       used 44173K, capacity 44900K, committed 45184K, reserved 1087488K
  class space    used 5916K, capacity 6155K, committed 6272K, reserved 1048576K
Event: 50.065 GC heap after
Heap after GC invocations=18 (full 2):
 PSYoungGen      total 77824K, used 10228K [0x00000000d5580000, 0x00000000db080000, 0x0000000100000000)
  eden space 67584K, 0% used [0x00000000d5580000,0x00000000d5580000,0x00000000d9780000)
  from space 10240K, 99% used [0x00000000da380000,0x00000000dad7d3c0,0x00000000dad80000)
  to   space 12288K, 0% used [0x00000000d9780000,0x00000000d9780000,0x00000000da380000)
 ParOldGen       total 56320K, used 17775K [0x0000000080000000, 0x0000000083700000, 0x00000000d5580000)
  object space 56320K, 31% used [0x0000000080000000,0x000000008115bd08,0x0000000083700000)
 Metaspace       used 44173K, capacity 44900K, committed 45184K, reserved 1087488K
  class space    used 5916K, capacity 6155K, committed 6272K, reserved 1048576K
}
Event: 51.890 GC heap before
{Heap before GC invocations=19 (full 2):
 PSYoungGen      total 77824K, used 77812K [0x00000000d5580000, 0x00000000db080000, 0x0000000100000000)
  eden space 67584K, 100% used [0x00000000d5580000,0x00000000d9780000,0x00000000d9780000)
  from space 10240K, 99% used [0x00000000da380000,0x00000000dad7d3c0,0x00000000dad80000)
  to   space 12288K, 0% used [0x00000000d9780000,0x00000000d9780000,0x00000000da380000)
 ParOldGen       total 56320K, used 17775K [0x0000000080000000, 0x0000000083700000, 0x00000000d5580000)
  object space 56320K, 31% used [0x0000000080000000,0x000000008115bd08,0x0000000083700000)
 Metaspace       used 45445K, capacity 46258K, committed 46592K, reserved 1089536K
  class space    used 6054K, capacity 6331K, committed 6400K, reserved 1048576K
Event: 51.925 GC heap after
Heap after GC invocations=19 (full 2):
 PSYoungGen      total 79872K, used 11167K [0x00000000d5580000, 0x00000000db080000, 0x0000000100000000)
  eden space 67584K, 0% used [0x00000000d5580000,0x00000000d5580000,0x00000000d9780000)
  from space 12288K, 90% used [0x00000000d9780000,0x00000000da267cd8,0x00000000da380000)
  to   space 10240K, 0% used [0x00000000da380000,0x00000000da380000,0x00000000dad80000)
 ParOldGen       total 56320K, used 19543K [0x0000000080000000, 0x0000000083700000, 0x00000000d5580000)
  object space 56320K, 34% used [0x0000000080000000,0x0000000081315d18,0x0000000083700000)
 Metaspace       used 45445K, capacity 46258K, committed 46592K, reserved 1089536K
  class space    used 6054K, capacity 6331K, committed 6400K, reserved 1048576K
}
Event: 54.057 GC heap before
{Heap before GC invocations=20 (full 2):
 PSYoungGen      total 79872K, used 78751K [0x00000000d5580000, 0x00000000db080000, 0x0000000100000000)
  eden space 67584K, 100% used [0x00000000d5580000,0x00000000d9780000,0x00000000d9780000)
  from space 12288K, 90% used [0x00000000d9780000,0x00000000da267cd8,0x00000000da380000)
  to   space 10240K, 0% used [0x00000000da380000,0x00000000da380000,0x00000000dad80000)
 ParOldGen       total 56320K, used 19543K [0x0000000080000000, 0x0000000083700000, 0x00000000d5580000)
  object space 56320K, 34% used [0x0000000080000000,0x0000000081315d18,0x0000000083700000)
 Metaspace       used 47945K, capacity 49060K, committed 49280K, reserved 1091584K
  class space    used 6427K, capacity 6701K, committed 6784K, reserved 1048576K
Event: 54.093 GC heap after
Heap after GC invocations=20 (full 2):
 PSYoungGen      total 77824K, used 6481K [0x00000000d5580000, 0x00000000db080000, 0x0000000100000000)
  eden space 67584K, 0% used [0x00000000d5580000,0x00000000d5580000,0x00000000d9780000)
  from space 10240K, 63% used [0x00000000da380000,0x00000000da9d4630,0x00000000dad80000)
  to   space 12288K, 0% used [0x00000000d9780000,0x00000000d9780000,0x00000000da380000)
 ParOldGen       total 56320K, used 26860K [0x0000000080000000, 0x0000000083700000, 0x00000000d5580000)
  object space 56320K, 47% used [0x0000000080000000,0x0000000081a3b1a0,0x0000000083700000)
 Metaspace       used 47945K, capacity 49060K, committed 49280K, reserved 1091584K
  class space    used 6427K, capacity 6701K, committed 6784K, reserved 1048576K
}

